C51 COMPILER V9.60.0.0   MAIN                                                              10/29/2024 10:42:34 PAGE 1   


C51 COMPILER V9.60.0.0, COMPILATION OF MODULE MAIN
OBJECT MODULE PLACED IN .\Objects\main.obj
COMPILER INVOKED BY: H:\C51\C51\BIN\C51.EXE main.c OPTIMIZE(8,SPEED) BROWSE DEBUG OBJECTEXTEND PRINT(.\Listings\main.lst
                    -) TABS(2) OBJECT(.\Objects\main.obj)

line level    source

   1          #include <reg52.h>
   2          
   3          sfr P4    = 0xe8;                   //for 89C5xRC/RD+ series and 90C5xRc/RD+, location at 0E8H
   4          sbit INT2 = P4^3;
   5          sbit INT3 = P4^2;
   6          
   7          sfr XICON = 0xc0;                   //for 89C5xRC/RD+ series and 90C5xRc/RD+, location at 0C0H
   8          sbit PX3  = XICON^7;
   9          sbit EX3  = XICON^6;
  10          sbit IE3  = XICON^5;
  11          sbit IT3  = XICON^4;
  12          sbit PX2  = XICON^3;
  13          sbit EX2  = XICON^2;
  14          sbit IE2  = XICON^1;
  15          sbit IT2  = XICON^0;
  16          
  17          sbit key1 = P4^3;
  18          sbit led1 = P2^7;
  19          sfr IPH=0x87;
  20          void delay_ms(unsigned int xms)   //@12MHz
  21          {
  22   1          unsigned int i, j;
  23   1          for(i=xms;i>0;i--)
  24   1          {
  25   2              for(j=124;j>0;j--)
  26   2              {}
  27   2          }
  28   1      }
  29          void exit0() interrupt 0
  30          {}
  31          void exit2() interrupt 6
  32          {
  33   1              //?????????
  34   1        if(key1 == 0)
  35   1        {
  36   2           led1= ~led1;
  37   2           //delay_ms(1000);
  38   2        }
  39   1      }
  40          
  41          void main()
  42          {
  43   1          IT0=1;
  44   1          EX0=1;
  45   1          
  46   1          IT2 = 1; //????????????
  47   1          EX2 = 1; //????2??
  48   1        
  49   1          IPH=0x40;
  50   1          //PX0H=0;
  51   1          PX0=0;
  52   1        
  53   1          //PX2H=1;
  54   1          PX2=1;
C51 COMPILER V9.60.0.0   MAIN                                                              10/29/2024 10:42:34 PAGE 2   

  55   1          
  56   1          EA = 1;  //??
  57   1        
  58   1          while(1)
  59   1          {
  60   2               delay_ms(20000);
  61   2          }                
  62   1      }


MODULE INFORMATION:   STATIC OVERLAYABLE
   CODE SIZE        =     63    ----
   CONSTANT SIZE    =   ----    ----
   XDATA SIZE       =   ----    ----
   PDATA SIZE       =   ----    ----
   DATA SIZE        =   ----    ----
   IDATA SIZE       =   ----    ----
   BIT SIZE         =   ----    ----
END OF MODULE INFORMATION.


C51 COMPILATION COMPLETE.  0 WARNING(S),  0 ERROR(S)
