C51 COMPILER V9.60.0.0   MAIN                                                              10/30/2024 10:41:23 PAGE 1   


C51 COMPILER V9.60.0.0, COMPILATION OF MODULE MAIN
OBJECT MODULE PLACED IN .\Objects\main.obj
COMPILER INVOKED BY: H:\C51\C51\BIN\C51.EXE main.c OPTIMIZE(8,SPEED) BROWSE DEBUG OBJECTEXTEND PRINT(.\Listings\main.lst
                    -) TABS(2) OBJECT(.\Objects\main.obj)

line level    source

   1          #include <reg52.h>
   2          //?1ms??
   3          #define TIMS (65536 - 922)
   4          sbit dc_an2= P2^3;
   5          sbit dc_an1= P2^4;
   6          unsigned char speed,compare;
   7          
   8          //??ms??,?????????????
   9          void delay_ms(unsigned int xms)   //@12MHz
  10          {
  11   1          unsigned int i, j;
  12   1          for(i=xms;i>0;i--)
  13   1          {
  14   2              for(j=124;j>0;j--)
  15   2              {}
  16   2          }
  17   1      }
  18                               
  19          void main()
  20          {
  21   1              TMOD = 0x01;      //?????0?16????,TH0?TL0??
  22   1              TH0 = TIMS >> 8;  //???????8?
  23   1              TL0 = TIMS;       //???????8?
  24   1              ET0 = 1;  //?????0??                                          
  25   1              EA  = 1;  //??????                                                      
  26   1              TR0 = 1;  //???0????  
  27   1              //?????,????
  28   1              dc_an1 = 0;
  29   1              dc_an2 = 0;  
  30   1              while(1){
  31   2                  compare=10;
  32   2                  delay_ms(5000);
  33   2                  compare=30;
  34   2                  delay_ms(5000);
  35   2                  compare=60;
  36   2                  delay_ms(5000);
  37   2                  compare=90;
  38   2                  delay_ms(5000);
  39   2              }
  40   1      }
  41          
  42          //1ms??????
  43          void Timer0() interrupt 1
  44          {
  45   1              //?????????????????? - 1????1???
  46   1              TH0 = TIMS >> 8;
  47   1              TL0 = TIMS;
  48   1              //?compare?10?,??10ms???,90ms???
  49   1              //?compare?60?,??60ms???,40ms???
  50   1              //?compare?90?,??90ms???,10ms???
  51   1              speed++;//?????????,1ms?1
  52   1              speed%=100;//??speed?0-100?
  53   1              if(speed<compare)//???????????
  54   1              {
C51 COMPILER V9.60.0.0   MAIN                                                              10/30/2024 10:41:23 PAGE 2   

  55   2                  dc_an2=1;
  56   2              }
  57   1              else
  58   1              {       
  59   2                  dc_an2=0;
  60   2              }
  61   1      }
  62          


MODULE INFORMATION:   STATIC OVERLAYABLE
   CODE SIZE        =    122    ----
   CONSTANT SIZE    =   ----    ----
   XDATA SIZE       =   ----    ----
   PDATA SIZE       =   ----    ----
   DATA SIZE        =      2    ----
   IDATA SIZE       =   ----    ----
   BIT SIZE         =   ----    ----
END OF MODULE INFORMATION.


C51 COMPILATION COMPLETE.  0 WARNING(S),  0 ERROR(S)
