C51 COMPILER V9.60.0.0   MAIN                                                              10/30/2024 09:26:29 PAGE 1   


C51 COMPILER V9.60.0.0, COMPILATION OF MODULE MAIN
OBJECT MODULE PLACED IN .\Objects\main.obj
COMPILER INVOKED BY: H:\C51\C51\BIN\C51.EXE main.c OPTIMIZE(8,SPEED) BROWSE DEBUG OBJECTEXTEND PRINT(.\Listings\main.lst
                    -) TABS(2) OBJECT(.\Objects\main.obj)

line level    source

   1          #include<reg52.h>
   2          #define TIMS 65536-9216
   3          sbit led=P2^7;
   4          int count=0;
   5          void time() interrupt 1
   6          {
   7   1         count++;
   8   1        if(count >=100)
   9   1        {
  10   2          count=0;
  11   2          led=~led;
  12   2        }
  13   1        TL0=TIMS;
  14   1        TH0=TIMS>>8;
  15   1      }
  16          void main(){
  17   1        TMOD=0x01;
  18   1        TR0=1;
  19   1        
  20   1        TL0=TIMS;
  21   1        TH0=TIMS>>8;
  22   1        
  23   1        ET0=1;
  24   1        EA=1;
  25   1        
  26   1        while(1){};
  27   1      }


MODULE INFORMATION:   STATIC OVERLAYABLE
   CODE SIZE        =     59    ----
   CONSTANT SIZE    =   ----    ----
   XDATA SIZE       =   ----    ----
   PDATA SIZE       =   ----    ----
   DATA SIZE        =      2    ----
   IDATA SIZE       =   ----    ----
   BIT SIZE         =   ----    ----
END OF MODULE INFORMATION.


C51 COMPILATION COMPLETE.  0 WARNING(S),  0 ERROR(S)
