C51 COMPILER V9.60.0.0   MAIN                                                              10/30/2024 10:45:35 PAGE 1   


C51 COMPILER V9.60.0.0, COMPILATION OF MODULE MAIN
OBJECT MODULE PLACED IN .\Objects\main.obj
COMPILER INVOKED BY: H:\C51\C51\BIN\C51.EXE main.c OPTIMIZE(8,SPEED) BROWSE DEBUG OBJECTEXTEND PRINT(.\Listings\main.lst
                    -) TABS(2) OBJECT(.\Objects\main.obj)

line level    source

   1          #include <reg52.h>
   2          
   3          sfr WDT_CONTR=0xe1; //?????????
   4          sbit led=P2^7;
   5          
   6          void delayms(unsigned int xms) {
   7   1          unsigned int i,j;
   8   1          for (i=xms;i>0;i--)
   9   1          for(j=110;j>0;j--);
  10   1      }
  11          
  12          void main()
  13          {
  14   1          WDT_CONTR=0x35;  //?????,??????,?????64,2s?????????
  15   1          led=0;
  16   1          delayms(500);
  17   1          led=1;
  18   1          while(1)
  19   1          {
  20   2              delayms(3000);
  21   2              WDT_CONTR=0x35;
  22   2          }
  23   1      }


MODULE INFORMATION:   STATIC OVERLAYABLE
   CODE SIZE        =     56    ----
   CONSTANT SIZE    =   ----    ----
   XDATA SIZE       =   ----    ----
   PDATA SIZE       =   ----    ----
   DATA SIZE        =   ----    ----
   IDATA SIZE       =   ----    ----
   BIT SIZE         =   ----    ----
END OF MODULE INFORMATION.


C51 COMPILATION COMPLETE.  0 WARNING(S),  0 ERROR(S)
