C51 COMPILER V9.60.0.0   MAIN                                                              10/30/2024 10:18:00 PAGE 1   


C51 COMPILER V9.60.0.0, COMPILATION OF MODULE MAIN
OBJECT MODULE PLACED IN .\Objects\main.obj
COMPILER INVOKED BY: H:\C51\C51\BIN\C51.EXE main.c OPTIMIZE(8,SPEED) BROWSE DEBUG OBJECTEXTEND PRINT(.\Listings\main.lst
                    -) TABS(2) OBJECT(.\Objects\main.obj)

line level    source

   1          #include<reg52.h>
   2          
   3          sbit speak=P2^1;
   4          
   5          //??????
   6          void delay_ms(unsigned int xms)   //@12MHz
   7          {
   8   1          unsigned int i, j;
   9   1          for(i=xms;i>0;i--)
  10   1          {
  11   2              for(j=124;j>0;j--)
  12   2              {}
  13   2          }
  14   1      }
  15          
  16          void main()
  17          {
  18   1         while(1){
  19   2         speak=1;
  20   2         delay_ms(1);
  21   2         speak=0;
  22   2         delay_ms(1); 
  23   2         }
  24   1      }


MODULE INFORMATION:   STATIC OVERLAYABLE
   CODE SIZE        =     50    ----
   CONSTANT SIZE    =   ----    ----
   XDATA SIZE       =   ----    ----
   PDATA SIZE       =   ----    ----
   DATA SIZE        =   ----    ----
   IDATA SIZE       =   ----    ----
   BIT SIZE         =   ----    ----
END OF MODULE INFORMATION.


C51 COMPILATION COMPLETE.  0 WARNING(S),  0 ERROR(S)
