C51 COMPILER V9.60.0.0   MAIN                                                              11/05/2024 17:12:17 PAGE 1   


C51 COMPILER V9.60.0.0, COMPILATION OF MODULE MAIN
OBJECT MODULE PLACED IN .\Objects\main.obj
COMPILER INVOKED BY: H:\C51\C51\BIN\C51.EXE main.c OPTIMIZE(8,SPEED) BROWSE DEBUG OBJECTEXTEND PRINT(.\Listings\main.lst
                    -) TABS(2) OBJECT(.\Objects\main.obj)

line level    source

   1          #include <reg52.h>
   2          
   3          sbit ds_pin = P0^3;
   4          sbit stcp_pin = P0^4;
   5          sbit shcp_pin = P0^5;
   6          
   7          //?? ?????:0-9
   8          unsigned char num[]={0x3F,0x06,0x5B,0x4F,0x66,0x6D,0x7D,0x07,0x7F,0x6F};
   9          
  10          void hc595_send_byte(unsigned char byte)
  11          {
  12   1              unsigned int i;
  13   1              for(i = 0; i < 8; i++)
  14   1              {
  15   2                      //??????,??????????????????????????
  16   2                      if(byte & 0x80)
  17   2                              ds_pin = 1;
  18   2                      else
  19   2                              ds_pin = 0;
  20   2                      //SHCP??????????,74HC595???DS??????????
  21   2                      shcp_pin = 0;
  22   2                      shcp_pin = 1;
  23   2                      byte <<= 1;
  24   2              }
  25   1      }
  26          
  27          //num-??????? addr-????????
  28          void hc595_send_data(unsigned char num, unsigned char addr)
  29          {
  30   1              hc595_send_byte(num); //?????????
  31   1              //?????????8?????,???????????,?????9????
  32   1              //??????????,???????????????????595?
  33   1              if(addr == 0)
  34   1                  hc595_send_byte(0xFE);  //Q0??  0b1111 1110 0xFE 
  35   1              else if(addr == 1)    
  36   1                  hc595_send_byte(0xFD);  //Q1??  0b1111 1101 0xFD 
  37   1              //???????8??????????,???????????????(??????????)
  38   1              stcp_pin = 0;
  39   1              stcp_pin = 1;
  40   1      }
  41          
  42          void main(){
  43   1        while(1)
  44   1        {
  45   2          //???????????0
  46   2          hc595_send_data(num[0], 0);
  47   2          //???????????3
  48   2          hc595_send_data(num[3], 1);
  49   2        }
  50   1      }


MODULE INFORMATION:   STATIC OVERLAYABLE
   CODE SIZE        =     78    ----
C51 COMPILER V9.60.0.0   MAIN                                                              11/05/2024 17:12:17 PAGE 2   

   CONSTANT SIZE    =   ----    ----
   XDATA SIZE       =   ----    ----
   PDATA SIZE       =   ----    ----
   DATA SIZE        =     10    ----
   IDATA SIZE       =   ----    ----
   BIT SIZE         =   ----    ----
END OF MODULE INFORMATION.


C51 COMPILATION COMPLETE.  0 WARNING(S),  0 ERROR(S)
